Arguments: 
  C:\Program Files\nodejs\node.exe C:\Users\Dongwan\AppData\Roaming\npm\node_modules\yarn\bin\yarn.js start

PATH: 
  C:\Program Files (x86)\NAT Service;C:\Program Files (x86)\Common Files\Oracle\Java\javapath;C:\ProgramData\Oracle\Java\javapath;C:\WINDOWS\system32;C:\WINDOWS;C:\WINDOWS\System32\Wbem;C:\WINDOWS\System32\WindowsPowerShell\v1.0\;C:\Program Files (x86)\Microsoft SQL Server\Client SDK\ODBC\130\Tools\Binn\;C:\Program Files (x86)\Microsoft SQL Server\140\Tools\Binn\;C:\Program Files (x86)\Microsoft SQL Server\140\DTS\Binn\;C:\Program Files (x86)\Microsoft SQL Server\140\Tools\Binn\ManagementStudio\;C:\Program Files\Microsoft SQL Server\Client SDK\ODBC\130\Tools\Binn\;C:\Program Files\Microsoft SQL Server\140\Tools\Binn\;C:\Program Files\Microsoft SQL Server\140\DTS\Binn\;C:\Program Files\Git\cmd;C:\Program Files\dotnet\;C:\Program Files\Microsoft SQL Server\130\Tools\Binn\;C:\PostgreSQL\pg10\bin;C:\WINDOWS\System32\OpenSSH\;C:\Program Files\Microsoft VS Code\bin;C:\Program Files (x86)\Microsoft SQL Server\130\Tools\Binn\;C:\Program Files\Microsoft SQL Server\130\DTS\Binn\;C:\Program Files (x86)\Microsoft SQL Server\110\DTS\Binn\;C:\Program Files (x86)\Microsoft SQL Server\120\DTS\Binn\;C:\Program Files (x86)\Microsoft SQL Server\130\DTS\Binn\;C:\Program Files\nodejs\;C:\Program Files\MongoDB\Server\4.0\bin;C:\Ruby25-x64\bin;C:\Ruby24-x64\bin;C:\RailsFTW420224\bin;C:\Users\Dongwan\AppData\Local\Microsoft\WindowsApps;C:\Users\Dongwan\.dotnet\tools;C:\Users\Dongwan\AppData\Roaming\npm;C:\Users\Dongwan\AppData\Local\Microsoft\WindowsApps;C:\Program Files\heroku\bin

Yarn version: 
  1.5.1

Node version: 
  11.6.0

Platform: 
  win32 x64

npm manifest: 
  {
    "name": "team-collaboration-tool",
    "version": "1.0.0",
    "description": "",
    "main": "server.js",
    "scripts": {
      "test": "echo \"Error: no test specified\" && exit 1",
      "start": "node server.js"
    },
    "dependencies": {
      "@types/cors": "^2.8.5",
      "@types/express-session": "^1.15.13",
      "@types/jsonwebtoken": "^8.3.2",
      "@types/passport": "^1.0.0",
      "@types/passport-jwt": "^3.0.1",
      "@types/passport-local": "^1.0.33",
      "@types/passport-local-mongoose": "^4.0.12",
      "connect-flash": "^0.1.1",
      "cookie-parser": "^1.4.4",
      "cors": "^2.8.5",
      "debug": "~2.6.9",
      "ejs": "~2.5.7",
      "express": "~4.16.0",
      "express-session": "^1.16.2",
      "http-errors": "~1.6.2",
      "jquery": "^3.4.1",
      "jsonwebtoken": "^8.5.1",
      "mongoose": "^5.6.6",
      "morgan": "~1.9.0",
      "passport": "^0.4.0",
      "passport-jwt": "^4.0.0",
      "passport-local": "^1.0.0",
      "passport-local-mongoose": "^5.0.1",
      "popper.js": "^1.15.0",
      "socketio": "^1.0.0"
    },
    "author": "",
    "license": "ISC",
    "devDependencies": {
      "@types/body-parser": "^1.17.0",
      "@types/cookie-parser": "^1.4.1",
      "@types/express": "^4.17.0",
      "@types/mongoose": "^5.5.9",
      "@types/morgan": "^1.7.36",
      "@types/node": "^10.14.13"
    }
  }

yarn manifest: 
  No manifest

Lockfile: 
  No lockfile

Trace: 
  Error: Command failed.
  Exit code: 1
  Command: C:\WINDOWS\system32\cmd.exe
  Arguments: /d /s /c node server.js
  Directory: C:\Users\Dongwan\Desktop\Projects\team-collaboration-tool
  Output:
  
      at ProcessTermError.MessageError (C:\Users\Dongwan\AppData\Roaming\npm\node_modules\yarn\lib\cli.js:186:110)
      at new ProcessTermError (C:\Users\Dongwan\AppData\Roaming\npm\node_modules\yarn\lib\cli.js:226:113)
      at ChildProcess.<anonymous> (C:\Users\Dongwan\AppData\Roaming\npm\node_modules\yarn\lib\cli.js:30281:17)
      at ChildProcess.emit (events.js:188:13)
      at maybeClose (internal/child_process.js:978:16)
      at Process.ChildProcess._handle.onexit (internal/child_process.js:265:5)
